0 info it worked if it ends with ok
1 verbose cli [ '/home/ubuntu/.nvm/versions/node/v6.11.2/bin/node',
1 verbose cli   '/home/ubuntu/.nvm/versions/node/v6.11.2/bin/npm',
1 verbose cli   'install',
1 verbose cli   'git+ssh:git@github.com:BrianDoyle95/CherriPicker.git' ]
2 info using npm@3.10.10
3 info using node@v6.11.2
4 silly loadCurrentTree Starting
5 silly install loadCurrentTree
6 silly install readLocalPackageData
7 silly fetchPackageMetaData git+ssh:git@github.com:BrianDoyle95/CherriPicker.git
8 silly fetchOtherPackageData git+ssh:git@github.com:BrianDoyle95/CherriPicker.git
9 silly cache add args [ 'git+ssh:git@github.com:BrianDoyle95/CherriPicker.git', null ]
10 verbose cache add spec git+ssh:git@github.com:BrianDoyle95/CherriPicker.git
11 silly cache add parsed spec Result {
11 silly cache add   raw: 'git+ssh:git@github.com:BrianDoyle95/CherriPicker.git',
11 silly cache add   scope: null,
11 silly cache add   escapedName: null,
11 silly cache add   name: null,
11 silly cache add   rawSpec: 'git+ssh:git@github.com:BrianDoyle95/CherriPicker.git',
11 silly cache add   spec: 'git+ssh://git@github.com/BrianDoyle95/CherriPicker.git',
11 silly cache add   type: 'hosted',
11 silly cache add   hosted:
11 silly cache add    { type: 'github',
11 silly cache add      ssh: 'git@github.com:BrianDoyle95/CherriPicker.git',
11 silly cache add      sshUrl: 'git+ssh://git@github.com/BrianDoyle95/CherriPicker.git',
11 silly cache add      httpsUrl: 'git+https://github.com/BrianDoyle95/CherriPicker.git',
11 silly cache add      gitUrl: 'git://github.com/BrianDoyle95/CherriPicker.git',
11 silly cache add      shortcut: 'github:BrianDoyle95/CherriPicker',
11 silly cache add      directUrl: 'https://raw.githubusercontent.com/BrianDoyle95/CherriPicker/master/package.json' } }
12 verbose addRemoteGit caching git+ssh:git@github.com:BrianDoyle95/CherriPicker.git
13 verbose addRemoteGit git+ssh://git@github.com/BrianDoyle95/CherriPicker.git is a repository hosted by github
14 silly tryClone cloning git+ssh://git@github.com/BrianDoyle95/CherriPicker.git via git+ssh://git@github.com/BrianDoyle95/CherriPicker.git
15 verbose tryClone git-ssh-git-github-com-BrianDoyle95-CherriPicker-git-ea3b3b1e not in flight; caching
16 verbose correctMkdir /home/ubuntu/.npm/_git-remotes correctMkdir not in flight; initializing
17 verbose makeDirectory /home/ubuntu/.npm/_git-remotes creation not in flight; initializing
18 silly makeDirectory /home/ubuntu/.npm/_git-remotes uid: 1000 gid: 1000
19 info git [ 'clone',
19 info git   '--template=/home/ubuntu/.npm/_git-remotes/_templates',
19 info git   '--mirror',
19 info git   'ssh://git@github.com/BrianDoyle95/CherriPicker.git',
19 info git   '/home/ubuntu/.npm/_git-remotes/git-ssh-git-github-com-BrianDoyle95-CherriPicker-git-ea3b3b1e' ]
20 verbose mirrorRemote git+ssh://git@github.com/BrianDoyle95/CherriPicker.git git clone ssh://git@github.com/BrianDoyle95/CherriPicker.git
21 verbose correctMkdir /home/ubuntu/.npm/_git-remotes correctMkdir not in flight; initializing
22 verbose setPermissions git+ssh://git@github.com/BrianDoyle95/CherriPicker.git set permissions on /home/ubuntu/.npm/_git-remotes/git-ssh-git-github-com-BrianDoyle95-CherriPicker-git-ea3b3b1e
23 verbose resolveHead git+ssh://git@github.com/BrianDoyle95/CherriPicker.git original treeish: master
24 info git [ 'rev-list', '-n1', 'master' ]
25 silly resolveHead git+ssh://git@github.com/BrianDoyle95/CherriPicker.git resolved treeish: 4eb5279d3ff05629ee06030605a6d12ad8607618
26 verbose resolveHead git+ssh://git@github.com/BrianDoyle95/CherriPicker.git resolved Git URL: git+ssh://git@github.com/BrianDoyle95/CherriPicker.git#4eb5279d3ff05629ee06030605a6d12ad8607618
27 silly resolveHead Git working directory: /tmp/npm-18296-4d745b5e/git-cache-d810b12a/4eb5279d3ff05629ee06030605a6d12ad8607618
28 info git [ 'clone',
28 info git   '/home/ubuntu/.npm/_git-remotes/git-ssh-git-github-com-BrianDoyle95-CherriPicker-git-ea3b3b1e',
28 info git   '/tmp/npm-18296-4d745b5e/git-cache-d810b12a/4eb5279d3ff05629ee06030605a6d12ad8607618' ]
29 verbose cloneResolved git+ssh://git@github.com/BrianDoyle95/CherriPicker.git clone Cloning into '/tmp/npm-18296-4d745b5e/git-cache-d810b12a/4eb5279d3ff05629ee06030605a6d12ad8607618'...
29 verbose cloneResolved done.
30 info git [ 'checkout', '4eb5279d3ff05629ee06030605a6d12ad8607618' ]
31 verbose checkoutTreeish git+ssh://git@github.com/BrianDoyle95/CherriPicker.git checkout Note: checking out '4eb5279d3ff05629ee06030605a6d12ad8607618'.
31 verbose checkoutTreeish
31 verbose checkoutTreeish You are in 'detached HEAD' state. You can look around, make experimental
31 verbose checkoutTreeish changes and commit them, and you can discard any commits you make in this
31 verbose checkoutTreeish state without impacting any branches by performing another checkout.
31 verbose checkoutTreeish
31 verbose checkoutTreeish If you want to create a new branch to retain commits you create, you may
31 verbose checkoutTreeish do so (now or later) by using -b with the checkout command again. Example:
31 verbose checkoutTreeish
31 verbose checkoutTreeish   git checkout -b <new-branch-name>
31 verbose checkoutTreeish
31 verbose checkoutTreeish HEAD is now at 4eb5279... update
32 info git [ 'submodule', '-q', 'update', '--init', '--recursive' ]
33 verbose updateSubmodules git+ssh://git@github.com/BrianDoyle95/CherriPicker.git submodule update
34 error addLocal Could not install /tmp/npm-18296-4d745b5e/git-cache-d810b12a/4eb5279d3ff05629ee06030605a6d12ad8607618
35 silly fetchPackageMetaData Error: EISDIR: illegal operation on a directory, read
35 silly fetchPackageMetaData     at Error (native)
35 silly fetchPackageMetaData  error for git+ssh:git@github.com:BrianDoyle95/CherriPicker.git { Error: EISDIR: illegal operation on a directory, read
35 silly fetchPackageMetaData     at Error (native) errno: -21, code: 'EISDIR', syscall: 'read' }
36 silly rollbackFailedOptional Starting
37 silly rollbackFailedOptional Finishing
38 silly runTopLevelLifecycles Finishing
39 silly install printInstalled
40 verbose stack Error: EISDIR: illegal operation on a directory, read
40 verbose stack     at Error (native)
41 verbose cwd /home/ubuntu/workspace
42 error Linux 4.9.17-c9
43 error argv "/home/ubuntu/.nvm/versions/node/v6.11.2/bin/node" "/home/ubuntu/.nvm/versions/node/v6.11.2/bin/npm" "install" "git+ssh:git@github.com:BrianDoyle95/CherriPicker.git"
44 error node v6.11.2
45 error npm  v3.10.10
46 error code EISDIR
47 error errno -21
48 error syscall read
49 error eisdir EISDIR: illegal operation on a directory, read
50 error eisdir This is most likely not a problem with npm itself
50 error eisdir and is related to npm not being able to find a package.json in
50 error eisdir a package you are trying to install.
51 verbose exit [ -21, true ]
